======================================================================
  国家队事件篮子策略基线
  T1 开盘 → HS300 等权 → 固定 3 天 → prob 分层仓位
======================================================================

[Step 1] 检测信号日 (prob > 10%) ...
  [1/27] Scanning 2013-01-01 ~ 2013-06-30 ...
  [2/27] Scanning 2013-07-01 ~ 2013-12-31 ...
  [3/27] Scanning 2014-01-01 ~ 2014-06-30 ...
  [4/27] Scanning 2014-07-01 ~ 2014-12-31 ...
  [5/27] Scanning 2015-01-01 ~ 2015-06-30 ...
  [6/27] Scanning 2015-07-01 ~ 2015-12-31 ...
  [7/27] Scanning 2016-01-01 ~ 2016-06-30 ...
  [8/27] Scanning 2016-07-01 ~ 2016-12-31 ...
  [9/27] Scanning 2017-01-01 ~ 2017-06-30 ...
  [10/27] Scanning 2017-07-01 ~ 2017-12-31 ...
  [11/27] Scanning 2018-01-01 ~ 2018-06-30 ...
  [12/27] Scanning 2018-07-01 ~ 2018-12-31 ...
  [13/27] Scanning 2019-01-01 ~ 2019-06-30 ...
  [14/27] Scanning 2019-07-01 ~ 2019-12-31 ...
  [15/27] Scanning 2020-01-01 ~ 2020-06-30 ...
  [16/27] Scanning 2020-07-01 ~ 2020-12-31 ...
  [17/27] Scanning 2021-01-01 ~ 2021-06-30 ...
  [18/27] Scanning 2021-07-01 ~ 2021-12-31 ...
  [19/27] Scanning 2022-01-01 ~ 2022-06-30 ...
  [20/27] Scanning 2022-07-01 ~ 2022-12-31 ...
  [21/27] Scanning 2023-01-01 ~ 2023-06-30 ...
  [22/27] Scanning 2023-07-01 ~ 2023-12-31 ...
  [23/27] Scanning 2024-01-01 ~ 2024-06-30 ...
  [24/27] Scanning 2024-07-01 ~ 2024-12-31 ...
  [25/27] Scanning 2025-01-01 ~ 2025-06-30 ...
  [26/27] Scanning 2025-07-01 ~ 2025-12-31 ...
  [27/27] Scanning 2026-01-01 ~ 2026-04-16 ...
  → 共 124 个信号日

[Step 2] 逐事件回测 (hold=3d) ...
  [1/124] 2013-06-07 prob=10.5% pos=30% n=493 basket=-1.642% port=-0.493%
  [2/124] 2013-06-13 prob=11.5% pos=30% n=495 basket=-0.843% port=-0.253%
  [3/124] 2013-06-14 prob=12.5% pos=30% n=488 basket=-8.007% port=-2.402%
  [4/124] 2013-06-24 prob=11.4% pos=30% n=471 basket=+4.591% port=+1.377%
  [5/124] 2013-06-25 prob=16.1% pos=30% n=471 basket=+8.075% port=+2.423%
  [6/124] 2013-06-28 prob=16.8% pos=30% n=479 basket=+7.132% port=+2.140%
  [7/124] 2013-12-20 prob=12.5% pos=30% n=475 basket=-2.025% port=-0.608%
  [8/124] 2014-02-25 prob=10.6% pos=30% n=459 basket=+4.026% port=+1.208%
  [9/124] 2014-02-26 prob=11.4% pos=30% n=460 basket=+2.586% port=+0.776%
  [10/124] 2015-01-19 prob=12.5% pos=30% n=493 basket=+16.241% port=+4.872%
  [11/124] 2015-05-07 prob=10.9% pos=30% n=488 basket=+7.891% port=+2.367%
  [12/124] 2015-06-04 prob=13.3% pos=30% n=493 basket=+5.056% port=+1.517%
  [13/124] 2015-06-18 prob=10.5% pos=30% n=489 basket=-2.874% port=-0.862%
  [14/124] 2015-06-23 prob=19.4% pos=30% n=485 basket=-16.639% port=-4.992%
  [15/124] 2015-06-29 prob=13.3% pos=30% n=468 basket=-14.369% port=-4.311%
  [16/124] 2015-06-30 prob=15.6% pos=30% n=475 basket=-15.115% port=-4.535%
  [17/124] 2015-07-02 prob=22.1% pos=60% n=428 basket=-9.671% port=-5.803%
  [18/124] 2015-07-03 prob=21.0% pos=60% n=426 basket=-6.308% port=-3.785%
  [19/124] 2015-07-06 prob=52.0% pos=100% n=434 basket=+17.712% port=+17.712%
  [20/124] 2015-07-07 prob=24.0% pos=60% n=426 basket=+58.448% port=+35.069%
  [21/124] 2015-07-08 prob=18.1% pos=30% n=430 basket=+29.733% port=+8.920%
  [22/124] 2015-07-09 prob=14.1% pos=30% n=436 basket=-2.002% port=-0.601%
  [23/124] 2015-07-28 prob=11.9% pos=30% n=480 basket=+0.832% port=+0.250%
  [24/124] 2015-08-18 prob=11.0% pos=30% n=470 basket=-19.489% port=-5.847%
  [25/124] 2015-08-21 prob=19.0% pos=30% n=474 basket=-8.835% port=-2.650%
  [26/124] 2015-08-24 prob=15.1% pos=30% n=471 basket=+18.826% port=+5.648%
  [27/124] 2015-08-25 prob=34.2% pos=60% n=473 basket=+31.544% port=+18.926%
  [28/124] 2015-08-26 prob=55.2% pos=100% n=474 basket=+15.109% port=+15.109%
  [29/124] 2015-08-27 prob=12.9% pos=30% n=476 basket=+6.718% port=+2.016%
  [30/124] 2015-08-28 prob=10.1% pos=30% n=477 basket=-3.098% port=-0.929%
  [31/124] 2015-09-15 prob=11.9% pos=30% n=478 basket=+7.442% port=+2.233%
  [32/124] 2015-11-27 prob=12.4% pos=30% n=491 basket=+7.287% port=+2.186%
  [33/124] 2015-11-30 prob=11.1% pos=30% n=491 basket=+4.286% port=+1.286%
  [34/124] 2015-12-01 prob=11.3% pos=30% n=493 basket=+2.200% port=+0.660%
  [35/124] 2016-01-04 prob=13.8% pos=30% n=524 basket=-1.347% port=-0.404%
  [36/124] 2016-01-05 prob=19.2% pos=30% n=527 basket=-11.799% port=-3.540%
  [37/124] 2016-01-07 prob=71.3% pos=100% n=527 basket=-9.459% port=-9.459%
  [38/124] 2016-01-08 prob=15.7% pos=30% n=529 basket=-1.532% port=-0.460%
  [39/124] 2016-02-25 prob=10.7% pos=30% n=529 basket=+5.811% port=+1.743%
  [40/124] 2016-02-29 prob=12.5% pos=30% n=527 basket=+12.457% port=+3.737%
  [41/124] 2018-02-06 prob=16.1% pos=30% n=539 basket=-8.387% port=-2.516%
  [42/124] 2018-02-07 prob=10.7% pos=30% n=540 basket=-4.004% port=-1.201%
  [43/124] 2018-02-08 prob=11.3% pos=30% n=540 basket=+2.753% port=+0.826%
  [44/124] 2018-02-09 prob=21.7% pos=60% n=540 basket=+7.240% port=+4.344%
  [45/124] 2018-06-19 prob=14.4% pos=30% n=535 basket=-1.756% port=-0.527%
  [46/124] 2018-06-20 prob=19.5% pos=30% n=534 basket=-3.173% port=-0.952%
  [47/124] 2018-06-21 prob=12.4% pos=30% n=534 basket=-2.559% port=-0.768%
  [48/124] 2018-06-27 prob=14.3% pos=30% n=531 basket=+0.116% port=+0.035%
  [49/124] 2018-06-28 prob=13.9% pos=30% n=531 basket=-1.569% port=-0.471%
  [50/124] 2018-07-06 prob=12.0% pos=30% n=541 basket=+2.999% port=+0.900%
  [51/124] 2018-08-02 prob=10.6% pos=30% n=544 basket=-1.130% port=-0.339%
  [52/124] 2018-08-03 prob=11.8% pos=30% n=544 basket=+3.247% port=+0.974%
  [53/124] 2018-08-06 prob=11.2% pos=30% n=546 basket=+3.823% port=+1.147%
  [54/124] 2018-08-07 prob=11.8% pos=30% n=546 basket=+1.312% port=+0.394%
  [55/124] 2018-10-11 prob=14.5% pos=30% n=551 basket=-2.118% port=-0.635%
  [56/124] 2018-10-17 prob=13.2% pos=30% n=549 basket=+6.102% port=+1.831%
  [57/124] 2018-10-22 prob=11.6% pos=30% n=551 basket=-1.431% port=-0.429%
  [58/124] 2018-12-25 prob=14.3% pos=30% n=554 basket=-1.384% port=-0.415%
  [59/124] 2019-04-26 prob=10.0% pos=30% n=551 basket=-6.970% port=-2.091%
  [60/124] 2019-05-06 prob=18.4% pos=30% n=551 basket=+1.179% port=+0.354%
  [61/124] 2019-05-07 prob=10.4% pos=30% n=551 basket=+1.261% port=+0.378%
  [62/124] 2019-05-10 prob=15.1% pos=30% n=551 basket=+2.391% port=+0.717%
  [63/124] 2019-08-05 prob=10.3% pos=30% n=557 basket=-0.331% port=-0.099%
  [64/124] 2019-08-06 prob=14.5% pos=30% n=557 basket=+0.997% port=+0.299%
  [65/124] 2020-01-23 prob=10.7% pos=30% n=570 basket=+6.613% port=+1.984%
  [66/124] 2020-02-03 prob=81.1% pos=100% n=570 basket=+8.804% port=+8.804%
  [67/124] 2020-02-04 prob=14.3% pos=30% n=570 basket=+4.955% port=+1.486%
  [68/124] 2020-03-12 prob=10.1% pos=30% n=560 basket=-4.174% port=-1.252%
  [69/124] 2020-03-13 prob=25.2% pos=60% n=561 basket=-8.378% port=-5.027%
  [70/124] 2020-03-17 prob=11.3% pos=30% n=562 basket=-6.412% port=-1.924%
  [71/124] 2020-03-18 prob=11.7% pos=30% n=562 basket=+0.090% port=+0.027%
  [72/124] 2020-03-19 prob=16.2% pos=30% n=562 basket=+2.195% port=+0.659%
  [73/124] 2020-03-20 prob=13.3% pos=30% n=564 basket=+4.552% port=+1.365%
  [74/124] 2020-03-23 prob=11.3% pos=30% n=563 basket=+3.266% port=+0.980%
  [75/124] 2020-09-09 prob=10.7% pos=30% n=590 basket=+0.172% port=+0.052%
  [76/124] 2021-01-29 prob=15.7% pos=30% n=586 basket=-0.306% port=-0.092%
  [77/124] 2021-02-24 prob=14.3% pos=30% n=585 basket=-2.851% port=-0.855%
  [78/124] 2021-02-26 prob=18.8% pos=30% n=586 basket=-1.114% port=-0.334%
  [79/124] 2021-03-08 prob=14.1% pos=30% n=586 basket=+1.770% port=+0.531%
  [80/124] 2021-03-09 prob=20.7% pos=60% n=586 basket=+1.357% port=+0.814%
  [81/124] 2021-07-26 prob=12.6% pos=30% n=588 basket=-2.374% port=-0.712%
  [82/124] 2021-07-27 prob=18.1% pos=30% n=588 basket=+3.848% port=+1.155%
  [83/124] 2021-07-28 prob=17.8% pos=30% n=588 basket=+2.644% port=+0.793%
  [84/124] 2021-07-29 prob=15.7% pos=30% n=589 basket=+3.246% port=+0.974%
  [85/124] 2021-09-22 prob=14.6% pos=30% n=591 basket=-0.454% port=-0.136%
  [86/124] 2022-01-28 prob=10.5% pos=30% n=604 basket=+2.386% port=+0.716%
  [87/124] 2022-03-07 prob=10.4% pos=30% n=604 basket=-1.867% port=-0.560%
  [88/124] 2022-03-08 prob=16.0% pos=30% n=604 basket=-2.295% port=-0.688%
  [89/124] 2022-03-09 prob=19.3% pos=30% n=604 basket=-7.952% port=-2.386%
  [90/124] 2022-03-10 prob=32.7% pos=60% n=604 basket=-2.177% port=-1.306%
  [91/124] 2022-03-11 prob=12.4% pos=30% n=604 basket=-1.478% port=-0.443%
  [92/124] 2022-03-15 prob=16.2% pos=30% n=604 basket=+5.069% port=+1.521%
  [93/124] 2022-04-21 prob=12.9% pos=30% n=601 basket=-3.740% port=-1.122%
  [94/124] 2022-04-22 prob=10.7% pos=30% n=601 basket=-1.682% port=-0.504%
  [95/124] 2022-04-25 prob=24.4% pos=60% n=602 basket=+4.779% port=+2.867%
  [96/124] 2022-04-26 prob=17.8% pos=30% n=601 basket=+8.258% port=+2.477%
  [97/124] 2022-04-27 prob=13.8% pos=30% n=602 basket=+1.912% port=+0.574%
  [98/124] 2022-07-15 prob=11.5% pos=30% n=583 basket=+0.514% port=+0.154%
  [99/124] 2022-10-24 prob=15.3% pos=30% n=583 basket=-1.249% port=-0.375%
  [100/124] 2022-10-25 prob=16.7% pos=30% n=581 basket=-2.597% port=-0.779%
  [101/124] 2022-10-26 prob=12.0% pos=30% n=583 basket=-0.726% port=-0.218%
  [102/124] 2022-10-28 prob=10.3% pos=30% n=583 basket=+4.024% port=+1.207%
  [103/124] 2022-10-31 prob=12.0% pos=30% n=583 basket=+6.554% port=+1.966%
  [104/124] 2023-04-25 prob=11.7% pos=30% n=583 basket=+2.753% port=+0.826%
  [105/124] 2023-06-01 prob=10.7% pos=30% n=583 basket=-1.064% port=-0.319%
  [106/124] 2023-08-21 prob=11.3% pos=30% n=592 basket=-1.800% port=-0.540%
  [107/124] 2023-08-28 prob=23.4% pos=60% n=592 basket=+0.891% port=+0.534%
  [108/124] 2023-10-19 prob=10.7% pos=30% n=592 basket=-0.561% port=-0.168%
  [109/124] 2023-10-23 prob=17.4% pos=30% n=592 basket=+2.472% port=+0.742%
  [110/124] 2023-10-24 prob=12.0% pos=30% n=592 basket=+1.207% port=+0.362%
  [111/124] 2024-01-22 prob=11.3% pos=30% n=592 basket=+5.876% port=+1.763%
  [112/124] 2024-02-02 prob=10.1% pos=30% n=592 basket=+5.998% port=+1.799%
  [113/124] 2024-02-05 prob=25.3% pos=60% n=592 basket=+8.097% port=+4.858%
  [114/124] 2024-06-21 prob=10.7% pos=30% n=592 basket=-1.328% port=-0.398%
  [115/124] 2024-10-08 prob=20.6% pos=60% n=581 basket=-5.068% port=-3.041%
  [116/124] 2025-01-03 prob=10.4% pos=30% n=588 basket=-0.160% port=-0.048%
  [117/124] 2025-01-07 prob=10.1% pos=30% n=588 basket=-1.956% port=-0.587%
  [118/124] 2025-04-03 prob=11.4% pos=30% n=593 basket=+1.855% port=+0.557%
  [119/124] 2025-04-07 prob=52.5% pos=100% n=593 basket=+4.326% port=+4.326%
  [120/124] 2025-04-08 prob=24.7% pos=60% n=593 basket=+4.386% port=+2.631%
  [121/124] 2025-04-09 prob=13.3% pos=30% n=593 basket=+0.004% port=+0.001%
  [122/124] 2025-04-10 prob=15.4% pos=30% n=593 basket=+0.978% port=+0.294%
  [123/124] 2025-11-21 prob=13.8% pos=30% n=597 basket=+0.202% port=+0.060%
  [124/124] 2026-03-23 prob=11.4% pos=30% n=603 basket=+0.795% port=+0.239%

  → 有效事件: 124/124
  事件数据已保存: /home/autumn/quant/stock/data/basket_baseline/events.parquet

[Step 3] 生成报告 ...

============================================================
  全量: N=124, mean=+0.873%, compound=+160.22%, maxDD=-22.0%, t=2.05
  2016+: N=90, mean=+0.218%, compound=+19.39%, maxDD=-13.1%, t=1.00
  2020+: N=60, mean=+0.438%, compound=+28.64%, maxDD=-8.0%, t=1.79
  2023+: N=21, mean=+0.661%, compound=+14.52%, maxDD=-4.0%, t=1.77

报告已写入: /home/autumn/quant/stock/doc/basket_baseline_report.md

======================================================================
  完成!
======================================================================
