======================================================================
  五大实验: 诊断 alpha 来源与执行错位
======================================================================

[Step 0] 检测信号日 (prob > 10%) ...
  [1/27] Scanning 2013-01-01 ~ 2013-06-30 ...
  [2/27] Scanning 2013-07-01 ~ 2013-12-31 ...
  [3/27] Scanning 2014-01-01 ~ 2014-06-30 ...
  [4/27] Scanning 2014-07-01 ~ 2014-12-31 ...
  [5/27] Scanning 2015-01-01 ~ 2015-06-30 ...
  [6/27] Scanning 2015-07-01 ~ 2015-12-31 ...
  [7/27] Scanning 2016-01-01 ~ 2016-06-30 ...
  [8/27] Scanning 2016-07-01 ~ 2016-12-31 ...
  [9/27] Scanning 2017-01-01 ~ 2017-06-30 ...
  [10/27] Scanning 2017-07-01 ~ 2017-12-31 ...
  [11/27] Scanning 2018-01-01 ~ 2018-06-30 ...
  [12/27] Scanning 2018-07-01 ~ 2018-12-31 ...
  [13/27] Scanning 2019-01-01 ~ 2019-06-30 ...
  [14/27] Scanning 2019-07-01 ~ 2019-12-31 ...
  [15/27] Scanning 2020-01-01 ~ 2020-06-30 ...
  [16/27] Scanning 2020-07-01 ~ 2020-12-31 ...
  [17/27] Scanning 2021-01-01 ~ 2021-06-30 ...
  [18/27] Scanning 2021-07-01 ~ 2021-12-31 ...
  [19/27] Scanning 2022-01-01 ~ 2022-06-30 ...
  [20/27] Scanning 2022-07-01 ~ 2022-12-31 ...
  [21/27] Scanning 2023-01-01 ~ 2023-06-30 ...
  [22/27] Scanning 2023-07-01 ~ 2023-12-31 ...
  [23/27] Scanning 2024-01-01 ~ 2024-06-30 ...
  [24/27] Scanning 2024-07-01 ~ 2024-12-31 ...
  [25/27] Scanning 2025-01-01 ~ 2025-06-30 ...
  [26/27] Scanning 2025-07-01 ~ 2025-12-31 ...
  [27/27] Scanning 2026-01-01 ~ 2026-04-16 ...
  → 共 124 个信号日

======================================================================
实验 1: 入场时机收益拆解
======================================================================
  2013-06-07: overnight=-8.254%, eod→T3=-11.961%, T1open→T3=-3.681%
  2013-06-13: overnight=+1.396%, eod→T3=+0.223%, T1open→T3=-1.110%
  2013-06-14: overnight=-1.710%, eod→T3=-2.777%, T1open→T3=+1.082%
  2013-06-24: overnight=+3.406%, eod→T3=+1.631%, T1open→T3=-3.128%
  2013-06-25: overnight=-0.400%, eod→T3=-1.249%, T1open→T3=-0.169%
  2013-06-28: overnight=+21.637%, eod→T3=+32.556%, T1open→T3=+5.142%
  2013-12-20: overnight=+0.271%, eod→T3=+1.769%, T1open→T3=-4.027%
  2014-02-25: overnight=-5.175%, eod→T3=-3.529%, T1open→T3=+0.838%
  2014-02-26: overnight=-4.125%, eod→T3=+4.499%, T1open→T3=-inf%
  2015-01-19: overnight=+2.923%, eod→T3=+48.732%, T1open→T3=+21.670%
  2015-05-07: overnight=+2.725%, eod→T3=+12.483%, T1open→T3=+9.127%
  2015-06-04: overnight=+inf%, eod→T3=+inf%, T1open→T3=+4.422%
  2015-06-18: overnight=-6.840%, eod→T3=-0.306%, T1open→T3=-2.131%
  2015-06-23: overnight=+4.065%, eod→T3=-15.174%, T1open→T3=-16.173%
  2015-06-29: overnight=+2.839%, eod→T3=-6.190%, T1open→T3=+16.622%
  2015-06-30: overnight=+8.501%, eod→T3=+9.116%, T1open→T3=-23.776%
  2015-07-02: overnight=+18.521%, eod→T3=-17.266%, T1open→T3=-9.609%
  2015-07-03: overnight=+5.956%, eod→T3=-16.453%, T1open→T3=-15.015%
  2015-07-06: overnight=-7.272%, eod→T3=-5.869%, T1open→T3=+4.480%
  2015-07-07: overnight=-13.609%, eod→T3=+13.236%, T1open→T3=+58.717%
  2015-07-08: overnight=+19.974%, eod→T3=+56.252%, T1open→T3=+39.122%
  2015-07-09: overnight=+8.071%, eod→T3=+17.699%, T1open→T3=+6.500%
  2015-07-28: overnight=+inf%, eod→T3=+inf%, T1open→T3=+0.415%
  2015-08-18: overnight=-2.777%, eod→T3=-7.705%, T1open→T3=-4.632%
  2015-08-21: overnight=-9.118%, eod→T3=-24.763%, T1open→T3=-12.593%
  2015-08-24: overnight=-6.233%, eod→T3=-0.260%, T1open→T3=+9.712%
  2015-08-25: overnight=+2.933%, eod→T3=+18.546%, T1open→T3=+15.749%
  2015-08-26: overnight=+6.428%, eod→T3=+21.755%, T1open→T3=+12.722%
  2015-08-27: overnight=+1.862%, eod→T3=+8.788%, T1open→T3=+4.962%
  2015-08-28: overnight=-0.538%, eod→T3=-0.254%, T1open→T3=-1.266%
  2015-09-15: overnight=+0.637%, eod→T3=+5.528%, T1open→T3=+5.898%
  2015-11-27: overnight=+0.412%, eod→T3=+5.039%, T1open→T3=+4.572%
  2015-11-30: overnight=-0.405%, eod→T3=+6.087%, T1open→T3=+6.125%
  2015-12-01: overnight=+0.264%, eod→T3=+2.718%, T1open→T3=+2.678%
  2016-01-04: overnight=-2.841%, eod→T3=-7.118%, T1open→T3=-4.598%
  2016-01-05: overnight=-1.512%, eod→T3=-6.074%, T1open→T3=-2.490%
  2016-01-07: overnight=+0.398%, eod→T3=-5.669%, T1open→T3=-4.594%
  2016-01-08: overnight=-2.745%, eod→T3=-7.412%, T1open→T3=-4.867%
  2016-02-25: overnight=+2.129%, eod→T3=+0.155%, T1open→T3=-2.424%
  2016-02-29: overnight=+0.431%, eod→T3=+11.881%, T1open→T3=+10.980%
  2018-02-06: overnight=+1.045%, eod→T3=-9.471%, T1open→T3=-10.523%
  2018-02-07: overnight=-1.537%, eod→T3=-7.467%, T1open→T3=-6.335%
  2018-02-08: overnight=-4.535%, eod→T3=-4.732%, T1open→T3=+0.756%
  2018-02-09: overnight=+0.448%, eod→T3=+5.214%, T1open→T3=+4.078%
  2018-06-19: overnight=-0.841%, eod→T3=-0.870%, T1open→T3=-0.035%
  2018-06-20: overnight=-0.045%, eod→T3=-2.742%, T1open→T3=-2.662%
  2018-06-21: overnight=-0.534%, eod→T3=-2.118%, T1open→T3=-1.641%
  2018-06-27: overnight=-7.115%, eod→T3=-11.776%, T1open→T3=-0.174%
  2018-06-28: overnight=-0.972%, eod→T3=+1.523%, T1open→T3=-6.847%
  2018-07-06: overnight=+0.610%, eod→T3=+0.458%, T1open→T3=+0.104%
  2018-08-02: overnight=-0.286%, eod→T3=+0.519%, T1open→T3=+0.838%
  2018-08-03: overnight=-0.107%, eod→T3=+0.289%, T1open→T3=+0.557%
  2018-08-06: overnight=+0.540%, eod→T3=+3.822%, T1open→T3=+3.037%
  2018-08-07: overnight=-0.645%, eod→T3=+0.556%, T1open→T3=+1.209%
  2018-10-11: overnight=+0.323%, eod→T3=-2.895%, T1open→T3=-3.062%
  2018-10-17: overnight=-0.909%, eod→T3=+5.566%, T1open→T3=+8.932%
  2018-10-22: overnight=-0.077%, eod→T3=-0.659%, T1open→T3=-0.574%
  2018-12-25: overnight=-0.079%, eod→T3=+0.790%, T1open→T3=+0.818%
  2019-04-26: overnight=+0.264%, eod→T3=-7.682%, T1open→T3=-7.963%
  2019-05-06: overnight=+0.611%, eod→T3=-2.332%, T1open→T3=-2.923%
  2019-05-07: overnight=-2.191%, eod→T3=+0.400%, T1open→T3=+2.669%
  2019-05-10: overnight=-1.409%, eod→T3=-0.076%, T1open→T3=+1.335%
  2019-08-05: overnight=-2.173%, eod→T3=-1.404%, T1open→T3=+0.780%
  2019-08-06: overnight=+0.330%, eod→T3=-0.408%, T1open→T3=-0.733%
  2020-01-23: overnight=-11.354%, eod→T3=-8.170%, T1open→T3=+3.543%
  2020-02-03: overnight=-2.541%, eod→T3=+4.979%, T1open→T3=+7.820%
  2020-02-04: overnight=+0.268%, eod→T3=+3.988%, T1open→T3=+3.707%
  2020-03-12: overnight=-4.962%, eod→T3=-7.475%, T1open→T3=-3.391%
  2020-03-13: overnight=-1.658%, eod→T3=-9.711%, T1open→T3=-1.427%
  2020-03-17: overnight=+1.466%, eod→T3=+0.894%, T1open→T3=-1.531%
  2020-03-18: overnight=+0.072%, eod→T3=-3.187%, T1open→T3=-3.067%
  2020-03-19: overnight=+1.210%, eod→T3=+0.512%, T1open→T3=-0.869%
  2020-03-20: overnight=-3.377%, eod→T3=+0.736%, T1open→T3=+4.395%
  2020-03-23: overnight=+2.353%, eod→T3=+4.916%, T1open→T3=+2.222%
  2020-09-09: overnight=+1.012%, eod→T3=+0.467%, T1open→T3=-0.544%
  2021-01-29: overnight=-0.147%, eod→T3=+0.488%, T1open→T3=+0.645%
  2021-02-24: overnight=+1.234%, eod→T3=-0.566%, T1open→T3=-1.762%
  2021-02-26: overnight=+0.661%, eod→T3=+2.010%, T1open→T3=+1.359%
  2021-03-08: overnight=+1.356%, eod→T3=+4.084%, T1open→T3=+1.392%
  2021-03-09: overnight=+0.461%, eod→T3=+3.794%, T1open→T3=+3.506%
  2021-07-26: overnight=-0.337%, eod→T3=-2.757%, T1open→T3=-2.434%
  2021-07-27: overnight=-0.549%, eod→T3=-0.180%, T1open→T3=+0.392%
  2021-07-28: overnight=+1.025%, eod→T3=+3.496%, T1open→T3=+2.424%
  2021-07-29: overnight=-0.382%, eod→T3=+2.650%, T1open→T3=+3.046%
  2021-09-22: overnight=+0.784%, eod→T3=-1.054%, T1open→T3=-1.785%
  2022-01-28: overnight=+1.917%, eod→T3=+4.475%, T1open→T3=+2.495%
  2022-03-07: overnight=-0.522%, eod→T3=-3.483%, T1open→T3=-2.976%
  2022-03-08: overnight=+0.209%, eod→T3=+0.366%, T1open→T3=+0.147%
  2022-03-09: overnight=+1.815%, eod→T3=-0.770%, T1open→T3=-2.539%
  2022-03-10: overnight=-1.030%, eod→T3=-7.209%, T1open→T3=-6.244%
  2022-03-11: overnight=-1.538%, eod→T3=-4.276%, T1open→T3=-2.785%
  2022-03-15: overnight=+1.864%, eod→T3=+7.106%, T1open→T3=+5.138%
  2022-04-21: overnight=-0.580%, eod→T3=-6.645%, T1open→T3=-6.116%
  2022-04-22: overnight=-2.381%, eod→T3=-4.805%, T1open→T3=-2.487%
  2022-04-25: overnight=+0.071%, eod→T3=+1.456%, T1open→T3=+1.367%
  2022-04-26: overnight=-0.688%, eod→T3=+6.510%, T1open→T3=+7.245%
  2022-04-27: overnight=-0.128%, eod→T3=+4.159%, T1open→T3=+4.283%
  2022-07-15: overnight=+0.392%, eod→T3=+2.336%, T1open→T3=+1.934%
  2022-10-24: overnight=-0.090%, eod→T3=+0.744%, T1open→T3=+0.834%
  2022-10-25: overnight=+0.036%, eod→T3=-1.380%, T1open→T3=-1.417%
  2022-10-26: overnight=+0.116%, eod→T3=-3.646%, T1open→T3=-3.763%
  2022-10-28: overnight=-1.151%, eod→T3=+2.867%, T1open→T3=+4.084%
  2022-10-31: overnight=+0.471%, eod→T3=+3.749%, T1open→T3=+3.255%
  2023-04-25: overnight=-0.360%, eod→T3=+1.706%, T1open→T3=+2.077%
  2023-06-01: overnight=+0.378%, eod→T3=-0.139%, T1open→T3=-0.516%
  2023-08-21: overnight=+0.553%, eod→T3=-0.644%, T1open→T3=-1.198%
  2023-08-28: overnight=-0.325%, eod→T3=-0.815%, T1open→T3=-0.502%
  2023-10-19: overnight=-0.379%, eod→T3=-1.367%, T1open→T3=-0.993%
  2023-10-23: overnight=+0.203%, eod→T3=+1.460%, T1open→T3=+1.255%
  2023-10-24: overnight=+0.967%, eod→T3=+1.704%, T1open→T3=+0.730%
  2024-01-22: overnight=-0.299%, eod→T3=+6.196%, T1open→T3=+6.515%
  2024-02-02: overnight=-0.472%, eod→T3=+3.826%, T1open→T3=+4.337%
  2024-02-05: overnight=-0.342%, eod→T3=+5.035%, T1open→T3=+5.409%
  2024-06-21: overnight=-0.389%, eod→T3=-0.786%, T1open→T3=-0.399%
  2024-10-08: overnight=-2.114%, eod→T3=-7.734%, T1open→T3=-5.745%
  2025-01-03: overnight=+0.013%, eod→T3=+0.208%, T1open→T3=+0.198%
  2025-01-07: overnight=-0.172%, eod→T3=-2.005%, T1open→T3=-1.836%
  2025-04-03: overnight=-4.487%, eod→T3=-3.766%, T1open→T3=+0.718%
  2025-04-07: overnight=+0.330%, eod→T3=+4.583%, T1open→T3=+4.241%
  2025-04-08: overnight=-0.988%, eod→T3=+2.258%, T1open→T3=+3.307%
  2025-04-09: overnight=+1.569%, eod→T3=+1.531%, T1open→T3=-0.047%
  2025-04-10: overnight=-0.142%, eod→T3=+0.305%, T1open→T3=+0.446%
  2025-11-21: overnight=+0.438%, eod→T3=+0.146%, T1open→T3=-0.289%
  2026-03-23: overnight=+0.796%, eod→T3=+1.329%, T1open→T3=+0.529%

── 收益拆解汇总 ──
  ret_overnight            : mean=+inf%, median=-0.016%, win_rate=50%, sum=+inf%
  ret_eod_to_t3            : mean=+inf%, median=+0.336%, win_rate=55%, sum=+inf%
  ret_t1open_to_t3         : mean=-inf%, median=+0.430%, win_rate=54%, sum=-inf%
  ret_t1vwap_to_t3         : mean=+1.044%, median=+0.678%, win_rate=58%, sum=+129.48%
  ret_eod_to_t1            : mean=+inf%, median=+0.180%, win_rate=52%, sum=+inf%

======================================================================
实验 2: 候选池扩展 (HS300 vs CSI500 vs HS300+500)
======================================================================
  2013-06-07: HS300=-32.848% | CSI500=-0.283% | HS300+500=-14.915%
  2013-06-13: HS300=+0.276% | CSI500=+3.527% | HS300+500=+2.059%
  2013-06-14: HS300=-1.044% | CSI500=-0.640% | HS300+500=-0.822%
  2013-06-24: HS300=+0.179% | CSI500=-5.689% | HS300+500=-3.031%
  2013-06-25: HS300=-2.483% | CSI500=+inf% | HS300+500=+inf%
  2013-06-28: HS300=+22.717% | CSI500=+6.792% | HS300+500=+14.005%
  2013-12-20: HS300=+2.425% | CSI500=+2.351% | HS300+500=+2.384%
  2014-02-25: HS300=+0.891% | CSI500=+2.835% | HS300+500=+1.963%
  2014-02-26: HS300=+2.944% | CSI500=+inf% | HS300+500=+inf%
  2015-01-19: HS300=+36.900% | CSI500=+3.568% | HS300+500=+18.376%
  2015-05-07: HS300=+12.752% | CSI500=+11.490% | HS300+500=+12.049%
  2015-06-04: HS300=+inf% | CSI500=+2.350% | HS300+500=+inf%
  2015-06-18: HS300=+0.802% | CSI500=-4.844% | HS300+500=-2.308%
  2015-06-23: HS300=-15.845% | CSI500=-12.237% | HS300+500=-13.857%
  2015-06-29: HS300=-6.382% | CSI500=-10.764% | HS300+500=-8.808%
  2015-06-30: HS300=+0.297% | CSI500=-22.305% | HS300+500=-12.063%
  2015-07-02: HS300=-14.092% | CSI500=-17.823% | HS300+500=-16.114%
  2015-07-03: HS300=-13.392% | CSI500=-4.027% | HS300+500=-8.446%
  2015-07-06: HS300=-3.687% | CSI500=+8.447% | HS300+500=+2.732%
  2015-07-07: HS300=+10.890% | CSI500=+47.552% | HS300+500=+30.382%
  2015-07-08: HS300=+47.536% | CSI500=+22.839% | HS300+500=+34.459%
  2015-07-09: HS300=+12.986% | CSI500=+inf% | HS300+500=+inf%
  2015-07-28: HS300=+inf% | CSI500=-2.972% | HS300+500=+inf%
  2015-08-18: HS300=-7.638% | CSI500=-9.160% | HS300+500=-8.488%
  2015-08-21: HS300=-29.194% | CSI500=-27.476% | HS300+500=-28.241%
  2015-08-24: HS300=-1.954% | CSI500=-11.561% | HS300+500=-7.269%
  2015-08-25: HS300=+14.496% | CSI500=+11.241% | HS300+500=+12.696%
  2015-08-26: HS300=+27.054% | CSI500=+10.532% | HS300+500=+17.900%
  2015-08-27: HS300=+8.590% | CSI500=-5.764% | HS300+500=+0.637%
  2015-08-28: HS300=-0.706% | CSI500=-11.597% | HS300+500=-6.738%
  2015-09-15: HS300=+6.190% | CSI500=+11.024% | HS300+500=+8.884%
  2015-11-27: HS300=+4.391% | CSI500=+1.278% | HS300+500=+2.667%
  2015-11-30: HS300=+5.606% | CSI500=+1.276% | HS300+500=+3.211%
  2015-12-01: HS300=+1.026% | CSI500=+1.442% | HS300+500=+1.256%
  2016-01-04: HS300=-7.297% | CSI500=-14.571% | HS300+500=-11.222%
  2016-01-05: HS300=-5.311% | CSI500=-3.608% | HS300+500=-4.390%
  2016-01-07: HS300=-4.424% | CSI500=-4.702% | HS300+500=-4.574%
  2016-01-08: HS300=-8.379% | CSI500=-11.792% | HS300+500=-10.225%
  2016-02-25: HS300=-0.770% | CSI500=+3.705% | HS300+500=+1.641%
  2016-02-29: HS300=+11.629% | CSI500=+inf% | HS300+500=+inf%
  2018-02-06: HS300=-8.382% | CSI500=-3.402% | HS300+500=-5.692%
  2018-02-07: HS300=-5.812% | CSI500=-0.820% | HS300+500=-3.115%
  2018-02-08: HS300=-3.838% | CSI500=-1.334% | HS300+500=-2.488%
  2018-02-09: HS300=+4.936% | CSI500=+4.432% | HS300+500=+4.663%
  2018-06-19: HS300=-0.350% | CSI500=+1.526% | HS300+500=+0.673%
  2018-06-20: HS300=-2.549% | CSI500=-1.692% | HS300+500=-2.082%
  2018-06-21: HS300=-1.690% | CSI500=+3.129% | HS300+500=+0.937%
  2018-06-27: HS300=-8.051% | CSI500=-0.187% | HS300+500=-3.758%
  2018-06-28: HS300=+1.571% | CSI500=+2.840% | HS300+500=+2.264%
  2018-07-06: HS300=+0.874% | CSI500=+0.791% | HS300+500=+0.829%
  2018-08-02: HS300=-0.096% | CSI500=+0.901% | HS300+500=+0.449%
  2018-08-03: HS300=-0.237% | CSI500=+0.165% | HS300+500=-0.017%
  2018-08-06: HS300=+4.145% | CSI500=+5.293% | HS300+500=+4.772%
  2018-08-07: HS300=+0.986% | CSI500=+1.840% | HS300+500=+1.452%
  2018-10-11: HS300=-3.362% | CSI500=-10.244% | HS300+500=-7.138%
  2018-10-17: HS300=-1.055% | CSI500=+6.308% | HS300+500=+2.980%
  2018-10-22: HS300=-1.141% | CSI500=-2.160% | HS300+500=-1.698%
  2018-12-25: HS300=+0.283% | CSI500=-1.234% | HS300+500=-0.547%
  2019-04-26: HS300=-7.859% | CSI500=-10.513% | HS300+500=-9.369%
  2019-05-06: HS300=-2.043% | CSI500=+0.025% | HS300+500=-0.865%
  2019-05-07: HS300=+0.585% | CSI500=+2.050% | HS300+500=+1.420%
  2019-05-10: HS300=-0.183% | CSI500=+0.352% | HS300+500=+0.121%
  2019-08-05: HS300=-1.216% | CSI500=-2.513% | HS300+500=-1.969%
  2019-08-06: HS300=-0.392% | CSI500=-0.885% | HS300+500=-0.678%
  2020-01-23: HS300=-7.375% | CSI500=-8.020% | HS300+500=-7.747%
  2020-02-03: HS300=+5.674% | CSI500=+4.729% | HS300+500=+5.129%
  2020-02-04: HS300=+4.288% | CSI500=+9.629% | HS300+500=+7.371%
  2020-03-12: HS300=-7.158% | CSI500=-6.345% | HS300+500=-6.687%
  2020-03-13: HS300=-9.019% | CSI500=-7.702% | HS300+500=-8.255%
  2020-03-17: HS300=+0.188% | CSI500=+2.072% | HS300+500=+1.279%
  2020-03-18: HS300=-3.375% | CSI500=-1.029% | HS300+500=-2.017%
  2020-03-19: HS300=+0.250% | CSI500=-0.326% | HS300+500=-0.083%
  2020-03-20: HS300=+0.987% | CSI500=+0.272% | HS300+500=+0.573%
  2020-03-23: HS300=+4.992% | CSI500=+3.195% | HS300+500=+3.955%
  2020-09-09: HS300=+0.559% | CSI500=-0.800% | HS300+500=-0.209%
  2021-01-29: HS300=+0.978% | CSI500=-0.247% | HS300+500=+0.276%
  2021-02-24: HS300=-0.378% | CSI500=-0.087% | HS300+500=-0.211%
  2021-02-26: HS300=+2.117% | CSI500=+17.346% | HS300+500=+10.852%
  2021-03-08: HS300=+2.814% | CSI500=-0.271% | HS300+500=+1.045%
  2021-03-09: HS300=+3.444% | CSI500=+2.969% | HS300+500=+3.171%
  2021-07-26: HS300=-2.358% | CSI500=-1.983% | HS300+500=-2.142%
  2021-07-27: HS300=+0.351% | CSI500=+0.332% | HS300+500=+0.340%
  2021-07-28: HS300=+3.995% | CSI500=+3.280% | HS300+500=+3.582%
  2021-07-29: HS300=+2.552% | CSI500=+1.690% | HS300+500=+2.054%
  2021-09-22: HS300=-0.578% | CSI500=-3.555% | HS300+500=-2.290%
  2022-01-28: HS300=+3.844% | CSI500=+5.524% | HS300+500=+4.802%
  2022-03-07: HS300=-3.239% | CSI500=-4.185% | HS300+500=-3.778%
  2022-03-08: HS300=+0.639% | CSI500=+0.301% | HS300+500=+0.447%
  2022-03-09: HS300=-0.547% | CSI500=-0.111% | HS300+500=-0.299%
  2022-03-10: HS300=-7.200% | CSI500=-8.182% | HS300+500=-7.759%
  2022-03-11: HS300=-4.330% | CSI500=-5.960% | HS300+500=-5.258%
  2022-03-15: HS300=+7.092% | CSI500=+6.613% | HS300+500=+6.819%
  2022-04-21: HS300=-6.948% | CSI500=-9.197% | HS300+500=-8.233%
  2022-04-22: HS300=-4.619% | CSI500=-6.078% | HS300+500=-5.453%
  2022-04-25: HS300=+1.645% | CSI500=+0.473% | HS300+500=+0.976%
  2022-04-26: HS300=+6.971% | CSI500=+7.467% | HS300+500=+7.254%
  2022-04-27: HS300=+4.366% | CSI500=+4.973% | HS300+500=+4.713%
  2022-07-15: HS300=+2.103% | CSI500=+4.015% | HS300+500=+3.219%
  2022-10-24: HS300=+0.943% | CSI500=+1.511% | HS300+500=+1.274%
  2022-10-25: HS300=-1.343% | CSI500=-1.388% | HS300+500=-1.369%
  2022-10-26: HS300=-3.680% | CSI500=-2.695% | HS300+500=-3.105%
  2022-10-28: HS300=+3.412% | CSI500=+3.984% | HS300+500=+3.746%
  2022-10-31: HS300=+4.097% | CSI500=+3.498% | HS300+500=+3.747%
  2023-04-25: HS300=+1.664% | CSI500=+2.213% | HS300+500=+1.985%
  2023-06-01: HS300=-0.240% | CSI500=-0.991% | HS300+500=-0.679%
  2023-08-21: HS300=-0.668% | CSI500=-1.198% | HS300+500=-0.974%
  2023-08-28: HS300=-0.146% | CSI500=+1.166% | HS300+500=+0.612%
  2023-10-19: HS300=-1.407% | CSI500=-1.794% | HS300+500=-1.631%
  2023-10-23: HS300=+1.374% | CSI500=+2.252% | HS300+500=+1.881%
  2023-10-24: HS300=+2.010% | CSI500=+2.651% | HS300+500=+2.380%
  2024-01-22: HS300=+5.709% | CSI500=+7.029% | HS300+500=+6.474%
  2024-02-02: HS300=+4.465% | CSI500=+11.594% | HS300+500=+8.596%
  2024-02-05: HS300=+6.000% | CSI500=+15.802% | HS300+500=+11.681%
  2024-06-21: HS300=-0.848% | CSI500=-1.221% | HS300+500=-1.064%
  2024-10-08: HS300=-8.781% | CSI500=-10.549% | HS300+500=-9.829%
  2025-01-03: HS300=+0.377% | CSI500=+0.432% | HS300+500=+0.409%
  2025-01-07: HS300=-2.027% | CSI500=-2.536% | HS300+500=-2.326%
  2025-04-03: HS300=-4.226% | CSI500=-6.453% | HS300+500=-5.529%
  2025-04-07: HS300=+4.620% | CSI500=+4.915% | HS300+500=+4.792%
  2025-04-08: HS300=+2.749% | CSI500=+4.067% | HS300+500=+3.520%
  2025-04-09: HS300=+1.840% | CSI500=+2.901% | HS300+500=+2.461%
  2025-04-10: HS300=+0.333% | CSI500=+0.771% | HS300+500=+0.589%
  2025-11-21: HS300=+0.498% | CSI500=+1.288% | HS300+500=+0.957%
  2026-03-23: HS300=+1.373% | CSI500=+2.609% | HS300+500=+2.080%

── 候选池对比汇总 (T0 close → T3 close, 等权全篮子) ──
  HS300          : mean=+inf%, win_rate=54%, sum=+inf%
  CSI500         : mean=+inf%, win_rate=55%, sum=+inf%
  HS300+500      : mean=+inf%, win_rate=56%, sum=+inf%

======================================================================
实验 3: 打分器对比 — 追强度 vs 未透支扩散
======================================================================
  2013-06-07: v2_top5=-8.564%, diff_top5=-13.837%, basket=-32.848%
  2013-06-13: v2_top5=-1.503%, diff_top5=+6.172%, basket=+0.276%
  2013-06-14: v2_top5=-4.210%, diff_top5=-10.039%, basket=-1.044%
  2013-06-24: v2_top5=+1.322%, diff_top5=-3.013%, basket=+0.179%
  2013-06-25: v2_top5=-0.995%, diff_top5=+0.072%, basket=-2.483%
  2013-06-28: v2_top5=-13.296%, diff_top5=-3.769%, basket=+22.717%
  2013-12-20: v2_top5=-0.813%, diff_top5=+3.571%, basket=+2.425%
  2014-02-25: v2_top5=-81.599%, diff_top5=-2.404%, basket=+0.891%
  2014-02-26: v2_top5=-0.417%, diff_top5=+1.471%, basket=+2.944%
  2015-01-19: v2_top5=+7.673%, diff_top5=-1.979%, basket=+36.900%
  2015-05-07: v2_top5=+8.471%, diff_top5=+11.759%, basket=+12.752%
  2015-06-04: v2_top5=-4.036%, diff_top5=-0.126%, basket=+inf%
  2015-06-18: v2_top5=+1.289%, diff_top5=-8.847%, basket=+0.802%
  2015-06-23: v2_top5=-9.825%, diff_top5=-11.416%, basket=-15.845%
  2015-06-29: v2_top5=+7.638%, diff_top5=+93.703%, basket=-6.382%
  2015-06-30: v2_top5=+1635.612%, diff_top5=-26.674%, basket=+0.297%
  2015-07-02: v2_top5=-0.873%, diff_top5=+0.000%, basket=-14.092%
  2015-07-03: v2_top5=-3.525%, diff_top5=-0.065%, basket=-13.392%
  2015-07-06: v2_top5=-0.484%, diff_top5=+52.180%, basket=-3.687%
  2015-07-07: v2_top5=-2.989%, diff_top5=+9.288%, basket=+10.890%
  2015-07-08: v2_top5=-18.305%, diff_top5=-19.757%, basket=+47.536%
  2015-07-09: v2_top5=-15.693%, diff_top5=-4.494%, basket=+12.986%
  2015-07-28: v2_top5=+0.891%, diff_top5=+3.788%, basket=+inf%
  2015-08-18: v2_top5=+0.000%, diff_top5=-3.790%, basket=-7.638%
  2015-08-21: v2_top5=+0.000%, diff_top5=-18.791%, basket=-29.194%
  2015-08-24: v2_top5=+8.565%, diff_top5=-3.983%, basket=-1.954%
  2015-08-25: v2_top5=+0.000%, diff_top5=+1.520%, basket=+14.496%
  2015-08-26: v2_top5=+0.000%, diff_top5=+5.945%, basket=+27.054%
  2015-08-27: v2_top5=+22.375%, diff_top5=+5.214%, basket=+8.590%
  2015-08-28: v2_top5=-3.592%, diff_top5=-1.712%, basket=-0.706%
  2015-09-15: v2_top5=-1.445%, diff_top5=+5.170%, basket=+6.190%
  2015-11-27: v2_top5=+0.000%, diff_top5=+0.000%, basket=+4.391%
  2015-11-30: v2_top5=-3.192%, diff_top5=+2.398%, basket=+5.606%
  2015-12-01: v2_top5=+1.016%, diff_top5=-0.932%, basket=+1.026%
  2016-01-04: v2_top5=+0.000%, diff_top5=-2.677%, basket=-7.297%
  2016-01-05: v2_top5=+0.000%, diff_top5=-1.313%, basket=-5.311%
  2016-01-07: v2_top5=-0.808%, diff_top5=-1.803%, basket=-4.424%
  2016-01-08: v2_top5=-5.678%, diff_top5=-8.214%, basket=-8.379%
  2016-02-25: v2_top5=+0.000%, diff_top5=-6.464%, basket=-0.770%
  2016-02-29: v2_top5=+16.256%, diff_top5=+5.046%, basket=+11.629%
  2018-02-06: v2_top5=-5.183%, diff_top5=-19.487%, basket=-8.382%
  2018-02-07: v2_top5=-4.445%, diff_top5=-6.186%, basket=-5.812%
  2018-02-08: v2_top5=-0.037%, diff_top5=-6.406%, basket=-3.838%
  2018-02-09: v2_top5=-2.140%, diff_top5=+0.205%, basket=+4.936%
  2018-06-19: v2_top5=-2.107%, diff_top5=-4.124%, basket=-0.350%
  2018-06-20: v2_top5=+1.519%, diff_top5=-4.122%, basket=-2.549%
  2018-06-21: v2_top5=-1.824%, diff_top5=-0.179%, basket=-1.690%
  2018-06-27: v2_top5=-0.348%, diff_top5=+1.069%, basket=-8.051%
  2018-06-28: v2_top5=-0.129%, diff_top5=+0.485%, basket=+1.571%
  2018-07-06: v2_top5=-0.444%, diff_top5=+1.052%, basket=+0.874%
  2018-08-02: v2_top5=-4.280%, diff_top5=-2.128%, basket=-0.096%
  2018-08-03: v2_top5=-2.953%, diff_top5=-4.882%, basket=-0.237%
  2018-08-06: v2_top5=-6.712%, diff_top5=+4.168%, basket=+4.145%
  2018-08-07: v2_top5=+0.944%, diff_top5=+2.215%, basket=+0.986%
  2018-10-11: v2_top5=-2.274%, diff_top5=-9.684%, basket=-3.362%
  2018-10-17: v2_top5=+9.500%, diff_top5=+5.965%, basket=-1.055%
  2018-10-22: v2_top5=-4.339%, diff_top5=-4.979%, basket=-1.141%
  2018-12-25: v2_top5=+1.280%, diff_top5=-1.353%, basket=+0.283%
  2019-04-26: v2_top5=-7.888%, diff_top5=-1.603%, basket=-7.859%
  2019-05-06: v2_top5=-5.626%, diff_top5=-3.752%, basket=-2.043%
  2019-05-07: v2_top5=+1.366%, diff_top5=+1.697%, basket=+0.585%
  2019-05-10: v2_top5=+2.439%, diff_top5=-2.405%, basket=-0.183%
  2019-08-05: v2_top5=+0.619%, diff_top5=+0.699%, basket=-1.216%
  2019-08-06: v2_top5=-1.098%, diff_top5=-3.004%, basket=-0.392%
  2020-01-23: v2_top5=-7.803%, diff_top5=-12.219%, basket=-7.375%
  2020-02-03: v2_top5=+3.027%, diff_top5=-2.895%, basket=+5.674%
  2020-02-04: v2_top5=+4.443%, diff_top5=+6.666%, basket=+4.288%
  2020-03-12: v2_top5=-4.504%, diff_top5=-11.374%, basket=-7.158%
  2020-03-13: v2_top5=-8.210%, diff_top5=-6.681%, basket=-9.019%
  2020-03-17: v2_top5=-3.070%, diff_top5=+2.892%, basket=+0.188%
  2020-03-18: v2_top5=-4.212%, diff_top5=-17.209%, basket=-3.375%
  2020-03-19: v2_top5=-0.563%, diff_top5=-5.978%, basket=+0.250%
  2020-03-20: v2_top5=+1.159%, diff_top5=+0.976%, basket=+0.987%
  2020-03-23: v2_top5=-24.647%, diff_top5=+5.274%, basket=+4.992%
  2020-09-09: v2_top5=-1.828%, diff_top5=+5.347%, basket=+0.559%
  2021-01-29: v2_top5=-1.880%, diff_top5=+5.319%, basket=+0.978%
  2021-02-24: v2_top5=+3.063%, diff_top5=-4.709%, basket=-0.378%
  2021-02-26: v2_top5=-0.315%, diff_top5=-0.211%, basket=+2.117%
  2021-03-08: v2_top5=-0.217%, diff_top5=-5.300%, basket=+2.814%
  2021-03-09: v2_top5=+3.516%, diff_top5=+2.676%, basket=+3.444%
  2021-07-26: v2_top5=-2.057%, diff_top5=+2.069%, basket=-2.358%
  2021-07-27: v2_top5=-2.480%, diff_top5=-1.372%, basket=+0.351%
  2021-07-28: v2_top5=-1.739%, diff_top5=+1.345%, basket=+3.995%
  2021-07-29: v2_top5=+1.190%, diff_top5=+0.615%, basket=+2.552%
  2021-09-22: v2_top5=+0.701%, diff_top5=+3.415%, basket=-0.578%
  2022-01-28: v2_top5=+1.515%, diff_top5=+6.392%, basket=+3.844%
  2022-03-07: v2_top5=-4.017%, diff_top5=-10.993%, basket=-3.239%
  2022-03-08: v2_top5=+0.037%, diff_top5=+0.293%, basket=+0.639%
  2022-03-09: v2_top5=+0.190%, diff_top5=-1.474%, basket=-0.547%
  2022-03-10: v2_top5=-9.110%, diff_top5=+2.229%, basket=-7.200%
  2022-03-11: v2_top5=+0.133%, diff_top5=-2.684%, basket=-4.330%
  2022-03-15: v2_top5=+5.426%, diff_top5=+3.707%, basket=+7.092%
  2022-04-21: v2_top5=-4.596%, diff_top5=-8.071%, basket=-6.948%
  2022-04-22: v2_top5=-1.143%, diff_top5=-5.778%, basket=-4.619%
  2022-04-25: v2_top5=-0.048%, diff_top5=-0.210%, basket=+1.645%
  2022-04-26: v2_top5=+12.701%, diff_top5=-4.719%, basket=+6.971%
  2022-04-27: v2_top5=+10.592%, diff_top5=+11.875%, basket=+4.366%
  2022-07-15: v2_top5=+2.681%, diff_top5=+2.897%, basket=+2.103%
  2022-10-24: v2_top5=-2.377%, diff_top5=+3.544%, basket=+0.943%
  2022-10-25: v2_top5=-2.439%, diff_top5=-4.493%, basket=-1.343%
  2022-10-26: v2_top5=-0.757%, diff_top5=-2.287%, basket=-3.680%
  2022-10-28: v2_top5=+2.539%, diff_top5=+3.637%, basket=+3.412%
  2022-10-31: v2_top5=+1.647%, diff_top5=+10.513%, basket=+4.097%
  2023-04-25: v2_top5=+1.687%, diff_top5=-9.190%, basket=+1.664%
  2023-06-01: v2_top5=+1.740%, diff_top5=+2.676%, basket=-0.240%
  2023-08-21: v2_top5=-0.458%, diff_top5=+1.071%, basket=-0.668%
  2023-08-28: v2_top5=-2.903%, diff_top5=+1.021%, basket=-0.146%
  2023-10-19: v2_top5=-1.612%, diff_top5=-0.180%, basket=-1.407%
  2023-10-23: v2_top5=+0.172%, diff_top5=-2.032%, basket=+1.374%
  2023-10-24: v2_top5=+2.892%, diff_top5=+1.338%, basket=+2.010%
  2024-01-22: v2_top5=+2.737%, diff_top5=+2.982%, basket=+5.709%
  2024-02-02: v2_top5=+4.601%, diff_top5=+8.432%, basket=+4.465%
  2024-02-05: v2_top5=+5.346%, diff_top5=+11.506%, basket=+6.000%
  2024-06-21: v2_top5=-0.366%, diff_top5=-4.453%, basket=-0.848%
  2024-10-08: v2_top5=-18.791%, diff_top5=-10.544%, basket=-8.781%
  2025-01-03: v2_top5=-0.570%, diff_top5=+2.409%, basket=+0.377%
  2025-01-07: v2_top5=-2.545%, diff_top5=-2.611%, basket=-2.027%
  2025-04-03: v2_top5=+0.951%, diff_top5=-15.102%, basket=-4.226%
  2025-04-07: v2_top5=+3.406%, diff_top5=-3.146%, basket=+4.620%
  2025-04-08: v2_top5=-1.663%, diff_top5=+5.647%, basket=+2.749%
  2025-04-09: v2_top5=-1.005%, diff_top5=+6.812%, basket=+1.840%
  2025-04-10: v2_top5=-1.771%, diff_top5=-2.575%, basket=+0.333%
  2025-11-21: v2_top5=-1.080%, diff_top5=-1.270%, basket=+0.498%
  2026-03-23: v2_top5=+0.754%, diff_top5=-0.866%, basket=+1.373%

── 打分器对比汇总 (T0→T3, TopN 等权) ──
  原始打分器          : mean=+11.719%, win_rate=36%, sum=+1453.18%
  未透支扩散          : mean=-0.327%, win_rate=44%, sum=-40.60%
  全篮子等权          : mean=+inf%, win_rate=54%, sum=+inf%

======================================================================
实验 4: 退出规则对比 (T0 收盘入场)
======================================================================
  2013-06-07: fixed_2=-6.025% | fixed_3=-13.837% | fixed_3_vwap_stop=-6.542%
  2013-06-13: fixed_2=+11.304% | fixed_3=+6.172% | fixed_3_vwap_stop=+6.172%
  2013-06-14: fixed_2=+0.877% | fixed_3=+0.234% | fixed_3_vwap_stop=+0.234%
  2013-06-24: fixed_2=+0.000% | fixed_3=-3.013% | fixed_3_vwap_stop=-3.013%
  2013-06-25: fixed_2=+2.635% | fixed_3=+0.954% | fixed_3_vwap_stop=+0.954%
  2013-06-28: fixed_2=+4.794% | fixed_3=+6.014% | fixed_3_vwap_stop=+6.014%
  2013-12-20: fixed_2=+0.324% | fixed_3=-0.027% | fixed_3_vwap_stop=+0.073%
  2014-02-25: fixed_2=-3.968% | fixed_3=-0.311% | fixed_3_vwap_stop=-1.914%
  2014-02-26: fixed_2=-0.552% | fixed_3=+1.182% | fixed_3_vwap_stop=+0.490%
  2015-01-19: fixed_2=-2.769% | fixed_3=-3.014% | fixed_3_vwap_stop=-4.333%
  2015-05-07: fixed_2=+9.490% | fixed_3=+11.759% | fixed_3_vwap_stop=+11.759%
  2015-06-04: fixed_2=+0.274% | fixed_3=-0.126% | fixed_3_vwap_stop=-0.763%
  2015-06-18: fixed_2=-8.780% | fixed_3=-8.847% | fixed_3_vwap_stop=-8.847%
  2015-06-23: fixed_2=+0.396% | fixed_3=-8.385% | fixed_3_vwap_stop=-6.352%
  2015-06-29: fixed_2=+0.466% | fixed_3=-10.467% | fixed_3_vwap_stop=-2.471%
  2015-06-30: fixed_2=-14.478% | fixed_3=-19.587% | fixed_3_vwap_stop=-10.656%
  2015-07-02: fixed_2=+0.000% | fixed_3=+0.000% | fixed_3_vwap_stop=+0.000%
  2015-07-03: fixed_2=+0.000% | fixed_3=-0.065% | fixed_3_vwap_stop=-0.065%
  2015-07-06: fixed_2=-5.771% | fixed_3=+0.331% | fixed_3_vwap_stop=-5.655%
  2015-07-07: fixed_2=-11.263% | fixed_3=-11.263% | fixed_3_vwap_stop=-11.263%
  2015-07-08: fixed_2=+0.000% | fixed_3=-19.757% | fixed_3_vwap_stop=-19.757%
  2015-07-09: fixed_2=+1.447% | fixed_3=+0.439% | fixed_3_vwap_stop=+0.439%
  2015-07-28: fixed_2=-0.475% | fixed_3=+1.537% | fixed_3_vwap_stop=-0.278%
  2015-08-18: fixed_2=-1.937% | fixed_3=-3.790% | fixed_3_vwap_stop=-3.790%
  2015-08-21: fixed_2=-4.512% | fixed_3=-6.316% | fixed_3_vwap_stop=-6.316%
  2015-08-24: fixed_2=-6.263% | fixed_3=-5.594% | fixed_3_vwap_stop=-2.067%
  2015-08-25: fixed_2=+0.511% | fixed_3=+1.520% | fixed_3_vwap_stop=+1.520%
  2015-08-26: fixed_2=+6.433% | fixed_3=+5.945% | fixed_3_vwap_stop=+5.945%
  2015-08-27: fixed_2=+3.000% | fixed_3=+3.172% | fixed_3_vwap_stop=+3.172%
  2015-08-28: fixed_2=-4.391% | fixed_3=-6.999% | fixed_3_vwap_stop=-6.751%
  2015-09-15: fixed_2=+2.903% | fixed_3=+2.387% | fixed_3_vwap_stop=+0.797%
  2015-11-27: fixed_2=+0.000% | fixed_3=+0.000% | fixed_3_vwap_stop=+0.000%
  2015-11-30: fixed_2=-0.991% | fixed_3=+0.409% | fixed_3_vwap_stop=+0.002%
  2015-12-01: fixed_2=+1.740% | fixed_3=+0.172% | fixed_3_vwap_stop=+0.172%
  2016-01-04: fixed_2=+0.000% | fixed_3=-2.677% | fixed_3_vwap_stop=-2.677%
  2016-01-05: fixed_2=-8.389% | fixed_3=-5.240% | fixed_3_vwap_stop=-7.534%
  2016-01-07: fixed_2=-0.294% | fixed_3=+1.850% | fixed_3_vwap_stop=+1.463%
  2016-01-08: fixed_2=-3.082% | fixed_3=-5.539% | fixed_3_vwap_stop=-5.665%
  2016-02-25: fixed_2=-8.176% | fixed_3=-6.882% | fixed_3_vwap_stop=-5.323%
  2016-02-29: fixed_2=+3.907% | fixed_3=+3.907% | fixed_3_vwap_stop=+3.907%
  2018-02-06: fixed_2=-4.122% | fixed_3=-7.323% | fixed_3_vwap_stop=-6.215%
  2018-02-07: fixed_2=-3.080% | fixed_3=-1.973% | fixed_3_vwap_stop=-2.080%
  2018-02-08: fixed_2=-4.854% | fixed_3=-4.732% | fixed_3_vwap_stop=-5.139%
  2018-02-09: fixed_2=-0.323% | fixed_3=+0.205% | fixed_3_vwap_stop=+0.675%
  2018-06-19: fixed_2=-2.952% | fixed_3=-4.124% | fixed_3_vwap_stop=-0.486%
  2018-06-20: fixed_2=+7.191% | fixed_3=-7.046% | fixed_3_vwap_stop=-7.247%
  2018-06-21: fixed_2=-0.536% | fixed_3=-1.284% | fixed_3_vwap_stop=-0.984%
  2018-06-27: fixed_2=+2.023% | fixed_3=+1.069% | fixed_3_vwap_stop=-0.058%
  2018-06-28: fixed_2=+0.296% | fixed_3=+0.485% | fixed_3_vwap_stop=+0.485%
  2018-07-06: fixed_2=+3.884% | fixed_3=+1.835% | fixed_3_vwap_stop=+1.835%
  2018-08-02: fixed_2=-6.973% | fixed_3=-3.015% | fixed_3_vwap_stop=-4.787%
  2018-08-03: fixed_2=-0.672% | fixed_3=-1.321% | fixed_3_vwap_stop=-1.831%
  2018-08-06: fixed_2=+0.608% | fixed_3=+4.168% | fixed_3_vwap_stop=+4.168%
  2018-08-07: fixed_2=+0.258% | fixed_3=+2.215% | fixed_3_vwap_stop=+0.540%
  2018-10-11: fixed_2=-2.365% | fixed_3=-9.684% | fixed_3_vwap_stop=-2.461%
  2018-10-17: fixed_2=+0.625% | fixed_3=+5.181% | fixed_3_vwap_stop=-2.979%
  2018-10-22: fixed_2=-4.093% | fixed_3=-4.979% | fixed_3_vwap_stop=-3.828%
  2018-12-25: fixed_2=-1.495% | fixed_3=-1.808% | fixed_3_vwap_stop=-1.462%
  2019-04-26: fixed_2=+1.810% | fixed_3=-0.317% | fixed_3_vwap_stop=+2.515%
  2019-05-06: fixed_2=-2.483% | fixed_3=-4.121% | fixed_3_vwap_stop=-1.796%
  2019-05-07: fixed_2=-3.108% | fixed_3=-2.211% | fixed_3_vwap_stop=-2.973%
  2019-05-10: fixed_2=-2.697% | fixed_3=-2.405% | fixed_3_vwap_stop=-2.857%
  2019-08-05: fixed_2=-1.206% | fixed_3=+0.699% | fixed_3_vwap_stop=-1.808%
  2019-08-06: fixed_2=+0.269% | fixed_3=-1.665% | fixed_3_vwap_stop=-0.524%
  2020-01-23: fixed_2=-8.120% | fixed_3=-6.344% | fixed_3_vwap_stop=-10.314%
  2020-02-03: fixed_2=-1.995% | fixed_3=+0.162% | fixed_3_vwap_stop=+0.162%
  2020-02-04: fixed_2=+5.179% | fixed_3=+6.666% | fixed_3_vwap_stop=+3.671%
  2020-03-12: fixed_2=-9.207% | fixed_3=-11.374% | fixed_3_vwap_stop=-6.259%
  2020-03-13: fixed_2=-3.645% | fixed_3=-4.890% | fixed_3_vwap_stop=-4.537%
  2020-03-17: fixed_2=-4.447% | fixed_3=-2.431% | fixed_3_vwap_stop=-2.309%
  2020-03-18: fixed_2=-4.538% | fixed_3=-11.926% | fixed_3_vwap_stop=-10.631%
  2020-03-19: fixed_2=-7.583% | fixed_3=-4.290% | fixed_3_vwap_stop=-5.270%
  2020-03-20: fixed_2=-1.170% | fixed_3=+0.630% | fixed_3_vwap_stop=+0.266%
  2020-03-23: fixed_2=+5.063% | fixed_3=+3.077% | fixed_3_vwap_stop=+3.077%
  2020-09-09: fixed_2=+2.884% | fixed_3=+5.347% | fixed_3_vwap_stop=+4.910%
  2021-01-29: fixed_2=+4.972% | fixed_3=+5.319% | fixed_3_vwap_stop=+2.820%
  2021-02-24: fixed_2=-2.898% | fixed_3=-2.426% | fixed_3_vwap_stop=-2.898%
  2021-02-26: fixed_2=-0.852% | fixed_3=-1.520% | fixed_3_vwap_stop=-1.097%
  2021-03-08: fixed_2=-6.853% | fixed_3=-5.192% | fixed_3_vwap_stop=-3.829%
  2021-03-09: fixed_2=-0.126% | fixed_3=-0.132% | fixed_3_vwap_stop=+0.027%
  2021-07-26: fixed_2=-2.319% | fixed_3=+2.069% | fixed_3_vwap_stop=-0.445%
  2021-07-27: fixed_2=+1.171% | fixed_3=+2.797% | fixed_3_vwap_stop=+2.543%
  2021-07-28: fixed_2=+2.032% | fixed_3=+3.116% | fixed_3_vwap_stop=+3.116%
  2021-07-29: fixed_2=-1.761% | fixed_3=-2.931% | fixed_3_vwap_stop=-4.448%
  2021-09-22: fixed_2=-2.164% | fixed_3=-3.344% | fixed_3_vwap_stop=-1.337%
  2022-01-28: fixed_2=+4.807% | fixed_3=+5.945% | fixed_3_vwap_stop=+5.945%
  2022-03-07: fixed_2=-7.684% | fixed_3=-6.351% | fixed_3_vwap_stop=-4.526%
  2022-03-08: fixed_2=+0.064% | fixed_3=+0.755% | fixed_3_vwap_stop=-2.317%
  2022-03-09: fixed_2=+2.826% | fixed_3=+2.256% | fixed_3_vwap_stop=+2.256%
  2022-03-10: fixed_2=+8.821% | fixed_3=+2.229% | fixed_3_vwap_stop=+2.229%
  2022-03-11: fixed_2=-9.773% | fixed_3=-4.741% | fixed_3_vwap_stop=-6.354%
  2022-03-15: fixed_2=+2.855% | fixed_3=+2.015% | fixed_3_vwap_stop=+1.179%
  2022-04-21: fixed_2=-4.982% | fixed_3=-4.710% | fixed_3_vwap_stop=-4.269%
  2022-04-22: fixed_2=-7.560% | fixed_3=-5.778% | fixed_3_vwap_stop=-4.739%
  2022-04-25: fixed_2=-0.915% | fixed_3=-0.210% | fixed_3_vwap_stop=-0.881%
  2022-04-26: fixed_2=+3.079% | fixed_3=+2.039% | fixed_3_vwap_stop=+0.255%
  2022-04-27: fixed_2=+3.629% | fixed_3=+6.478% | fixed_3_vwap_stop=+3.622%
  2022-07-15: fixed_2=+2.555% | fixed_3=+2.059% | fixed_3_vwap_stop=+2.059%
  2022-10-24: fixed_2=+2.717% | fixed_3=+3.544% | fixed_3_vwap_stop=+3.260%
  2022-10-25: fixed_2=-2.744% | fixed_3=-4.831% | fixed_3_vwap_stop=-1.635%
  2022-10-26: fixed_2=-0.052% | fixed_3=-1.930% | fixed_3_vwap_stop=-2.208%
  2022-10-28: fixed_2=+0.812% | fixed_3=+3.637% | fixed_3_vwap_stop=+1.180%
  2022-10-31: fixed_2=+11.743% | fixed_3=+10.513% | fixed_3_vwap_stop=+10.513%
  2023-04-25: fixed_2=-7.178% | fixed_3=-3.980% | fixed_3_vwap_stop=-6.339%
  2023-06-01: fixed_2=+3.685% | fixed_3=+3.307% | fixed_3_vwap_stop=+3.307%
  2023-08-21: fixed_2=-1.308% | fixed_3=-0.184% | fixed_3_vwap_stop=-0.635%
  2023-08-28: fixed_2=+0.542% | fixed_3=+0.254% | fixed_3_vwap_stop=+0.534%
  2023-10-19: fixed_2=-2.359% | fixed_3=-1.999% | fixed_3_vwap_stop=-1.938%
  2023-10-23: fixed_2=+0.591% | fixed_3=+0.473% | fixed_3_vwap_stop=+0.473%
  2023-10-24: fixed_2=-2.769% | fixed_3=+1.338% | fixed_3_vwap_stop=-0.121%
  2024-01-22: fixed_2=+1.066% | fixed_3=+1.283% | fixed_3_vwap_stop=+1.283%
  2024-02-02: fixed_2=+6.416% | fixed_3=+6.156% | fixed_3_vwap_stop=+2.959%
  2024-02-05: fixed_2=+6.981% | fixed_3=+11.506% | fixed_3_vwap_stop=+11.506%
  2024-06-21: fixed_2=-5.340% | fixed_3=-4.513% | fixed_3_vwap_stop=-3.358%
  2024-10-08: fixed_2=-8.333% | fixed_3=-9.981% | fixed_3_vwap_stop=-9.461%
  2025-01-03: fixed_2=+1.384% | fixed_3=+2.391% | fixed_3_vwap_stop=+2.391%
  2025-01-07: fixed_2=+0.113% | fixed_3=-1.231% | fixed_3_vwap_stop=-1.231%
  2025-04-03: fixed_2=-14.202% | fixed_3=-15.102% | fixed_3_vwap_stop=-11.082%
  2025-04-07: fixed_2=-7.684% | fixed_3=-2.675% | fixed_3_vwap_stop=-7.497%
  2025-04-08: fixed_2=+3.037% | fixed_3=+2.496% | fixed_3_vwap_stop=+2.496%
  2025-04-09: fixed_2=+6.331% | fixed_3=+6.812% | fixed_3_vwap_stop=+6.812%
  2025-04-10: fixed_2=-1.295% | fixed_3=-2.730% | fixed_3_vwap_stop=-1.421%
  2025-11-21: fixed_2=-1.758% | fixed_3=-1.270% | fixed_3_vwap_stop=-3.844%
  2026-03-23: fixed_2=+0.851% | fixed_3=-0.866% | fixed_3_vwap_stop=-0.861%

── 退出规则对比汇总 (T0 收盘入场, TopN 等权) ──
  fixed_2                  : mean=-0.911%, win_rate=43%, sum=-113.02%
  fixed_3                  : mean=-1.283%, win_rate=44%, sum=-159.11%
  fixed_3_vwap_stop        : mean=-1.302%, win_rate=40%, sum=-161.45%

======================================================================
实验 5: 随机基准 + 去极值检验
======================================================================
  2013-06-07: random=-48.225%, basket=-32.848%, resp=-8.564%, diff=-13.837%
  2013-06-13: random=+0.760%, basket=+0.276%, resp=-1.700%, diff=+6.172%
  2013-06-14: random=-1.271%, basket=-1.044%, resp=-4.210%, diff=-10.039%
  2013-06-24: random=+1.788%, basket=+0.179%, resp=+1.322%, diff=-3.013%
  2013-06-25: random=-2.068%, basket=-2.483%, resp=-0.995%, diff=+0.072%
  2013-06-28: random=+28.199%, basket=+22.717%, resp=-13.296%, diff=-3.769%
  2013-12-20: random=+2.801%, basket=+2.425%, resp=-0.813%, diff=+3.571%
  2014-02-25: random=+2.205%, basket=+0.891%, resp=-98.157%, diff=-2.404%
  2014-02-26: random=+3.763%, basket=+2.944%, resp=-0.417%, diff=+1.471%
  2015-01-19: random=+38.818%, basket=+36.900%, resp=+7.673%, diff=-1.979%
  2015-05-07: random=+13.055%, basket=+12.752%, resp=+8.471%, diff=+11.759%
  2015-06-04: random=+inf%, basket=+inf%, resp=-0.678%, diff=-0.126%
  2015-06-18: random=+0.989%, basket=+0.802%, resp=+1.289%, diff=-8.847%
  2015-06-23: random=-15.455%, basket=-15.845%, resp=-9.825%, diff=-11.416%
  2015-06-29: random=-5.404%, basket=-6.382%, resp=+7.638%, diff=+93.703%
  2015-06-30: random=-7.669%, basket=+0.297%, resp=+1635.612%, diff=-26.674%
  2015-07-02: random=-21.256%, basket=-14.092%, resp=-0.873%, diff=+0.000%
  2015-07-03: random=-13.446%, basket=-13.392%, resp=-3.525%, diff=-0.065%
  2015-07-06: random=-2.478%, basket=-3.687%, resp=-0.484%, diff=+52.180%
  2015-07-07: random=+15.573%, basket=+10.890%, resp=-2.989%, diff=+9.288%
  2015-07-08: random=+44.530%, basket=+47.536%, resp=-18.305%, diff=-19.757%
  2015-07-09: random=+15.209%, basket=+12.986%, resp=-15.693%, diff=-4.494%
  2015-07-28: random=+inf%, basket=+inf%, resp=+0.891%, diff=+3.788%
  2015-08-18: random=-7.834%, basket=-7.638%, resp=+0.000%, diff=-3.790%
  2015-08-21: random=-36.265%, basket=-29.194%, resp=+0.000%, diff=-18.791%
  2015-08-24: random=-2.214%, basket=-1.954%, resp=+8.194%, diff=-3.983%
  2015-08-25: random=+15.726%, basket=+14.496%, resp=+0.000%, diff=+1.520%
  2015-08-26: random=+25.211%, basket=+27.054%, resp=+0.000%, diff=+5.945%
  2015-08-27: random=+7.935%, basket=+8.590%, resp=+31.911%, diff=+5.214%
  2015-08-28: random=+2.214%, basket=-0.706%, resp=-3.592%, diff=-1.712%
  2015-09-15: random=+6.400%, basket=+6.190%, resp=-10.403%, diff=+5.170%
  2015-11-27: random=+4.200%, basket=+4.391%, resp=+0.000%, diff=+0.000%
  2015-11-30: random=+5.179%, basket=+5.606%, resp=-3.192%, diff=+2.398%
  2015-12-01: random=-0.528%, basket=+1.026%, resp=+1.016%, diff=-0.932%
  2016-01-04: random=-7.102%, basket=-7.297%, resp=+0.000%, diff=-2.677%
  2016-01-05: random=-5.444%, basket=-5.311%, resp=+0.000%, diff=-1.313%
  2016-01-07: random=-3.313%, basket=-4.424%, resp=-0.808%, diff=-1.803%
  2016-01-08: random=-8.707%, basket=-8.379%, resp=-5.678%, diff=-8.214%
  2016-02-25: random=-0.255%, basket=-0.770%, resp=+0.000%, diff=-6.464%
  2016-02-29: random=+11.066%, basket=+11.629%, resp=+8.690%, diff=+5.046%
  2018-02-06: random=-8.849%, basket=-8.382%, resp=-5.183%, diff=-19.487%
  2018-02-07: random=-6.537%, basket=-5.812%, resp=-4.445%, diff=-6.186%
  2018-02-08: random=-4.070%, basket=-3.838%, resp=-2.341%, diff=-6.406%
  2018-02-09: random=+4.648%, basket=+4.936%, resp=-2.140%, diff=+0.205%
  2018-06-19: random=-0.061%, basket=-0.350%, resp=-2.107%, diff=-4.124%
  2018-06-20: random=-2.497%, basket=-2.549%, resp=+1.519%, diff=-4.122%
  2018-06-21: random=-2.031%, basket=-1.690%, resp=-1.824%, diff=-0.179%
  2018-06-27: random=-11.589%, basket=-8.051%, resp=+0.587%, diff=+1.069%
  2018-06-28: random=+1.426%, basket=+1.571%, resp=-0.129%, diff=+0.485%
  2018-07-06: random=+0.887%, basket=+0.874%, resp=-0.444%, diff=+1.052%
  2018-08-02: random=-0.206%, basket=-0.096%, resp=-4.280%, diff=-2.128%
  2018-08-03: random=+0.191%, basket=-0.237%, resp=-2.953%, diff=-4.882%
  2018-08-06: random=+3.912%, basket=+4.145%, resp=-6.712%, diff=+4.168%
  2018-08-07: random=+0.932%, basket=+0.986%, resp=+0.675%, diff=+2.215%
  2018-10-11: random=-3.269%, basket=-3.362%, resp=-2.274%, diff=-9.684%
  2018-10-17: random=+2.472%, basket=-1.055%, resp=+11.109%, diff=+5.965%
  2018-10-22: random=-1.188%, basket=-1.141%, resp=-2.791%, diff=-4.979%
  2018-12-25: random=+0.426%, basket=+0.283%, resp=+1.280%, diff=-1.353%
  2019-04-26: random=-7.625%, basket=-7.859%, resp=-7.888%, diff=-1.603%
  2019-05-06: random=-2.083%, basket=-2.043%, resp=-5.626%, diff=-3.752%
  2019-05-07: random=+0.666%, basket=+0.585%, resp=+1.366%, diff=+1.697%
  2019-05-10: random=-0.068%, basket=-0.183%, resp=-1.764%, diff=-2.405%
  2019-08-05: random=-1.132%, basket=-1.216%, resp=+0.619%, diff=+0.699%
  2019-08-06: random=-0.385%, basket=-0.392%, resp=-1.098%, diff=-3.004%
  2020-01-23: random=-7.331%, basket=-7.375%, resp=-7.803%, diff=-12.219%
  2020-02-03: random=+5.992%, basket=+5.674%, resp=+3.027%, diff=-2.895%
  2020-02-04: random=+4.401%, basket=+4.288%, resp=+4.443%, diff=+6.666%
  2020-03-12: random=-7.514%, basket=-7.158%, resp=-4.504%, diff=-11.374%
  2020-03-13: random=-8.973%, basket=-9.019%, resp=-8.210%, diff=-6.681%
  2020-03-17: random=-0.329%, basket=+0.188%, resp=-3.070%, diff=+2.892%
  2020-03-18: random=-3.613%, basket=-3.375%, resp=-4.212%, diff=-17.209%
  2020-03-19: random=+0.224%, basket=+0.250%, resp=-0.563%, diff=-5.978%
  2020-03-20: random=+0.936%, basket=+0.987%, resp=+1.159%, diff=+0.976%
  2020-03-23: random=+4.638%, basket=+4.992%, resp=-24.647%, diff=+5.274%
  2020-09-09: random=+0.722%, basket=+0.559%, resp=-1.828%, diff=+5.347%
  2021-01-29: random=+1.297%, basket=+0.978%, resp=-1.880%, diff=+5.319%
  2021-02-24: random=-0.289%, basket=-0.378%, resp=+3.063%, diff=-4.709%
  2021-02-26: random=+2.205%, basket=+2.117%, resp=-0.798%, diff=-0.211%
  2021-03-08: random=+2.890%, basket=+2.814%, resp=-0.217%, diff=-5.300%
  2021-03-09: random=+3.619%, basket=+3.444%, resp=+3.516%, diff=+2.676%
  2021-07-26: random=-2.232%, basket=-2.358%, resp=-2.057%, diff=+2.069%
  2021-07-27: random=+0.020%, basket=+0.351%, resp=-2.480%, diff=-1.372%
  2021-07-28: random=+3.875%, basket=+3.995%, resp=-1.739%, diff=+1.345%
  2021-07-29: random=+2.698%, basket=+2.552%, resp=+1.190%, diff=+0.615%
  2021-09-22: random=-0.612%, basket=-0.578%, resp=+0.701%, diff=+3.415%
  2022-01-28: random=+3.541%, basket=+3.844%, resp=+1.515%, diff=+6.392%
  2022-03-07: random=-3.183%, basket=-3.239%, resp=-4.017%, diff=-10.993%
  2022-03-08: random=+0.519%, basket=+0.639%, resp=+0.037%, diff=+0.293%
  2022-03-09: random=-0.551%, basket=-0.547%, resp=+0.190%, diff=-1.474%
  2022-03-10: random=-7.440%, basket=-7.200%, resp=-9.110%, diff=+2.229%
  2022-03-11: random=-4.228%, basket=-4.330%, resp=+0.133%, diff=-2.684%
  2022-03-15: random=+7.023%, basket=+7.092%, resp=+5.426%, diff=+3.707%
  2022-04-21: random=-6.942%, basket=-6.948%, resp=-4.596%, diff=-8.071%
  2022-04-22: random=-4.574%, basket=-4.619%, resp=-1.143%, diff=-5.778%
  2022-04-25: random=+1.584%, basket=+1.645%, resp=-0.048%, diff=-0.210%
  2022-04-26: random=+7.027%, basket=+6.971%, resp=+12.701%, diff=-4.719%
  2022-04-27: random=+4.646%, basket=+4.366%, resp=+10.592%, diff=+11.875%
  2022-07-15: random=+2.273%, basket=+2.103%, resp=+2.681%, diff=+2.897%
  2022-10-24: random=+0.790%, basket=+0.943%, resp=-2.377%, diff=+3.544%
  2022-10-25: random=-1.535%, basket=-1.343%, resp=-2.439%, diff=-4.493%
  2022-10-26: random=-3.559%, basket=-3.680%, resp=-0.757%, diff=-2.287%
  2022-10-28: random=+3.503%, basket=+3.412%, resp=+2.539%, diff=+3.637%
  2022-10-31: random=+4.071%, basket=+4.097%, resp=+1.647%, diff=+10.513%
  2023-04-25: random=+1.797%, basket=+1.664%, resp=+1.687%, diff=-9.190%
  2023-06-01: random=-0.265%, basket=-0.240%, resp=+1.740%, diff=+2.676%
  2023-08-21: random=-0.776%, basket=-0.668%, resp=-0.458%, diff=+1.071%
  2023-08-28: random=-0.293%, basket=-0.146%, resp=-2.903%, diff=+1.021%
  2023-10-19: random=-1.450%, basket=-1.407%, resp=-1.612%, diff=-0.180%
  2023-10-23: random=+1.377%, basket=+1.374%, resp=+0.172%, diff=-2.032%
  2023-10-24: random=+2.051%, basket=+2.010%, resp=+2.892%, diff=+1.338%
  2024-01-22: random=+5.965%, basket=+5.709%, resp=+2.737%, diff=+2.982%
  2024-02-02: random=+4.557%, basket=+4.465%, resp=+4.601%, diff=+8.432%
  2024-02-05: random=+5.935%, basket=+6.000%, resp=+5.346%, diff=+11.506%
  2024-06-21: random=-0.687%, basket=-0.848%, resp=-0.366%, diff=-4.453%
  2024-10-08: random=-8.788%, basket=-8.781%, resp=-18.791%, diff=-10.544%
  2025-01-03: random=+0.208%, basket=+0.377%, resp=-0.570%, diff=+2.409%
  2025-01-07: random=-1.960%, basket=-2.027%, resp=-2.545%, diff=-2.611%
  2025-04-03: random=-4.353%, basket=-4.226%, resp=+0.951%, diff=-15.102%
  2025-04-07: random=+4.481%, basket=+4.620%, resp=+3.406%, diff=-3.146%
  2025-04-08: random=+2.845%, basket=+2.749%, resp=-1.663%, diff=+5.647%
  2025-04-09: random=+1.520%, basket=+1.840%, resp=-1.005%, diff=+6.812%
  2025-04-10: random=+0.485%, basket=+0.333%, resp=-1.771%, diff=-2.575%
  2025-11-21: random=+0.505%, basket=+0.498%, resp=-1.080%, diff=-1.270%
  2026-03-23: random=+1.324%, basket=+1.373%, resp=+0.754%, diff=-0.866%

── 基准对比汇总 (T0→T3, TopN 等权) ──
  随机TopN均值       : mean=+inf%, sum=+inf%, win_rate=54%
  全篮子等权          : mean=+inf%, sum=+inf%, win_rate=54%
  纯响应排序          : mean=+11.526%, sum=+1429.25%, win_rate=36%
  未透支扩散          : mean=-0.327%, sum=-40.60%, win_rate=44%

── 去极值检验 (去除特定年份后的累计收益) ──
  diffusion_top: 全量=-40.60%
    去2015: -128.99%
    去2016: -25.17%
    去2024: -48.52%
    去2025: -30.76%
  response_top: 全量=+1429.25%
    去2015: -203.88%
    去2016: +1427.05%
    去2024: +1435.73%
    去2025: +1433.53%
  basket: 全量=+inf%
    去2015: -35.55%
    去2016: +inf%
    去2024: +inf%
    去2025: +inf%

── 分年统计 ──
    Year |    N |      全篮子 |      纯响应 |      未透支 |       随机
    2013 |    7 | -1.540% | -4.036% | -2.978% | -2.574%
    2014 |    2 | +1.917% | -49.287% | -0.467% | +2.984%
    2015 |   25 | +inf% | +65.325% | +3.536% | +inf%
    2016 |    6 | -2.425% | +0.367% | -2.571% | -2.293%
    2018 |   18 | -1.320% | -1.247% | -2.687% | -1.411%
    2019 |    6 | -1.851% | -2.399% | -1.395% | -1.771%
    2020 |   11 | -0.908% | -4.201% | -3.200% | -0.986%
    2021 |   10 | +1.294% | -0.070% | +0.385% | +1.347%
    2022 |   18 | +0.178% | +0.721% | +0.243% | +0.165%
    2023 |    7 | +0.370% | +0.217% | -0.757% | +0.349%
    2024 |    5 | +1.309% | -1.295% | +1.585% | +1.396%
    2025 |    8 | +0.520% | -0.535% | -1.230% | +0.466%
    2026 |    1 | +1.373% | +0.754% | -0.866% | +1.324%
  exp1: saved (124 rows)
  exp2: saved (124 rows)
  exp3: saved (124 rows)
  exp4: saved (124 rows)
  exp5: saved (124 rows)

报告已写入: /home/autumn/quant/stock/doc/five_experiments_report.md

======================================================================
  全部实验完成!
======================================================================
